# JRE version: OpenJDK Runtime Environment (8.0_212-b03) (build 1.8.0_212-8u212-b03-0ubuntu1.16.04.1-b03)
# Java VM: OpenJDK 64-Bit Server VM (25.212-b03 mixed mode linux-amd64 compressed oops)
Heap:
 PSYoungGen      total 315392K, used 124717K [0x00000000eab00000, 0x00000000ffe00000, 0x0000000100000000)
  eden space 285696K, 36% used [0x00000000eab00000,0x00000000f10a1638,0x00000000fc200000)
  from space 29696K, 69% used [0x00000000fc200000,0x00000000fd629ea0,0x00000000fdf00000)
  to   space 29184K, 0% used [0x00000000fe180000,0x00000000fe180000,0x00000000ffe00000)
 ParOldGen       total 344576K, used 285407K [0x00000000c0000000, 0x00000000d5080000, 0x00000000eab00000)
  object space 344576K, 82% used [0x00000000c0000000,0x00000000d16b7c60,0x00000000d5080000)
 Metaspace       used 145654K, capacity 161848K, committed 161920K, reserved 1189888K
  class space    used 16750K, capacity 21084K, committed 21120K, reserved 1048576K
GC Heap History (10 events):
Event: 6083.101 GC heap before
{Heap before GC invocations=166 (full 7):
 PSYoungGen      total 315392K, used 300666K [0x00000000eab00000, 0x0000000100000000, 0x0000000100000000)
  eden space 281600K, 100% used [0x00000000eab00000,0x00000000fbe00000,0x00000000fbe00000)
  from space 33792K, 56% used [0x00000000fdf00000,0x00000000ff19e980,0x0000000100000000)
  to   space 33792K, 0% used [0x00000000fbe00000,0x00000000fbe00000,0x00000000fdf00000)
 ParOldGen       total 344576K, used 285079K [0x00000000c0000000, 0x00000000d5080000, 0x00000000eab00000)
  object space 344576K, 82% used [0x00000000c0000000,0x00000000d1665d68,0x00000000d5080000)
 Metaspace       used 145416K, capacity 161576K, committed 161664K, reserved 1189888K
  class space    used 16747K, capacity 21082K, committed 21120K, reserved 1048576K
Event: 6083.140 GC heap after
Heap after GC invocations=166 (full 7):
 PSYoungGen      total 301056K, used 18996K [0x00000000eab00000, 0x00000000ffe00000, 0x0000000100000000)
  eden space 281600K, 0% used [0x00000000eab00000,0x00000000eab00000,0x00000000fbe00000)
  from space 19456K, 97% used [0x00000000fbe00000,0x00000000fd08d1c0,0x00000000fd100000)
  to   space 32768K, 0% used [0x00000000fde00000,0x00000000fde00000,0x00000000ffe00000)
 ParOldGen       total 344576K, used 285103K [0x00000000c0000000, 0x00000000d5080000, 0x00000000eab00000)
  object space 344576K, 82% used [0x00000000c0000000,0x00000000d166bd68,0x00000000d5080000)
 Metaspace       used 145416K, capacity 161576K, committed 161664K, reserved 1189888K
  class space    used 16747K, capacity 21082K, committed 21120K, reserved 1048576K
}
Event: 6097.516 GC heap before
{Heap before GC invocations=167 (full 7):
 PSYoungGen      total 301056K, used 300596K [0x00000000eab00000, 0x00000000ffe00000, 0x0000000100000000)
  eden space 281600K, 100% used [0x00000000eab00000,0x00000000fbe00000,0x00000000fbe00000)
  from space 19456K, 97% used [0x00000000fbe00000,0x00000000fd08d1c0,0x00000000fd100000)
  to   space 32768K, 0% used [0x00000000fde00000,0x00000000fde00000,0x00000000ffe00000)
 ParOldGen       total 344576K, used 285103K [0x00000000c0000000, 0x00000000d5080000, 0x00000000eab00000)
  object space 344576K, 82% used [0x00000000c0000000,0x00000000d166bd68,0x00000000d5080000)
 Metaspace       used 145429K, capacity 161588K, committed 161664K, reserved 1189888K
  class space    used 16748K, capacity 21084K, committed 21120K, reserved 1048576K
Event: 6097.539 GC heap after
Heap after GC invocations=167 (full 7):
 PSYoungGen      total 315392K, used 17902K [0x00000000eab00000, 0x0000000100000000, 0x0000000100000000)
  eden space 282624K, 0% used [0x00000000eab00000,0x00000000eab00000,0x00000000fbf00000)
  from space 32768K, 54% used [0x00000000fde00000,0x00000000fef7b810,0x00000000ffe00000)
  to   space 31744K, 0% used [0x00000000fbf00000,0x00000000fbf00000,0x00000000fde00000)
 ParOldGen       total 344576K, used 285239K [0x00000000c0000000, 0x00000000d5080000, 0x00000000eab00000)
  object space 344576K, 82% used [0x00000000c0000000,0x00000000d168dd68,0x00000000d5080000)
 Metaspace       used 145429K, capacity 161588K, committed 161664K, reserved 1189888K
  class space    used 16748K, capacity 21084K, committed 21120K, reserved 1048576K
}
Event: 6112.547 GC heap before
{Heap before GC invocations=168 (full 7):
 PSYoungGen      total 315392K, used 300526K [0x00000000eab00000, 0x0000000100000000, 0x0000000100000000)
  eden space 282624K, 100% used [0x00000000eab00000,0x00000000fbf00000,0x00000000fbf00000)
  from space 32768K, 54% used [0x00000000fde00000,0x00000000fef7b810,0x00000000ffe00000)
  to   space 31744K, 0% used [0x00000000fbf00000,0x00000000fbf00000,0x00000000fde00000)
 ParOldGen       total 344576K, used 285239K [0x00000000c0000000, 0x00000000d5080000, 0x00000000eab00000)
  object space 344576K, 82% used [0x00000000c0000000,0x00000000d168dd68,0x00000000d5080000)
 Metaspace       used 145446K, capacity 161588K, committed 161664K, reserved 1189888K
  class space    used 16748K, capacity 21084K, committed 21120K, reserved 1048576K
Event: 6112.583 GC heap after
Heap after GC invocations=168 (full 7):
 PSYoungGen      total 314368K, used 19006K [0x00000000eab00000, 0x00000000ffd00000, 0x0000000100000000)
  eden space 282624K, 0% used [0x00000000eab00000,0x00000000eab00000,0x00000000fbf00000)
  from space 31744K, 59% used [0x00000000fbf00000,0x00000000fd18f958,0x00000000fde00000)
  to   space 30720K, 0% used [0x00000000fdf00000,0x00000000fdf00000,0x00000000ffd00000)
 ParOldGen       total 344576K, used 285279K [0x00000000c0000000, 0x00000000d5080000, 0x00000000eab00000)
  object space 344576K, 82% used [0x00000000c0000000,0x00000000d1697d68,0x00000000d5080000)
 Metaspace       used 145446K, capacity 161588K, committed 161664K, reserved 1189888K
  class space    used 16748K, capacity 21084K, committed 21120K, reserved 1048576K
}
Event: 6123.712 GC heap before
{Heap before GC invocations=169 (full 7):
 PSYoungGen      total 314368K, used 301630K [0x00000000eab00000, 0x00000000ffd00000, 0x0000000100000000)
  eden space 282624K, 100% used [0x00000000eab00000,0x00000000fbf00000,0x00000000fbf00000)
  from space 31744K, 59% used [0x00000000fbf00000,0x00000000fd18f958,0x00000000fde00000)
  to   space 30720K, 0% used [0x00000000fdf00000,0x00000000fdf00000,0x00000000ffd00000)
 ParOldGen       total 344576K, used 285279K [0x00000000c0000000, 0x00000000d5080000, 0x00000000eab00000)
  object space 344576K, 82% used [0x00000000c0000000,0x00000000d1697d68,0x00000000d5080000)
 Metaspace       used 145518K, capacity 161716K, committed 161920K, reserved 1189888K
  class space    used 16748K, capacity 21084K, committed 21120K, reserved 1048576K
Event: 6123.771 GC heap after
Heap after GC invocations=169 (full 7):
 PSYoungGen      total 316416K, used 19828K [0x00000000eab00000, 0x00000000ffd00000, 0x0000000100000000)
  eden space 285696K, 0% used [0x00000000eab00000,0x00000000eab00000,0x00000000fc200000)
  from space 30720K, 64% used [0x00000000fdf00000,0x00000000ff25d220,0x00000000ffd00000)
  to   space 29696K, 0% used [0x00000000fc200000,0x00000000fc200000,0x00000000fdf00000)
 ParOldGen       total 344576K, used 285319K [0x00000000c0000000, 0x00000000d5080000, 0x00000000eab00000)
  object space 344576K, 82% used [0x00000000c0000000,0x00000000d16a1d68,0x00000000d5080000)
 Metaspace       used 145518K, capacity 161716K, committed 161920K, reserved 1189888K
  class space    used 16748K, capacity 21084K, committed 21120K, reserved 1048576K
}
Event: 6151.577 GC heap before
{Heap before GC invocations=170 (full 7):
 PSYoungGen      total 316416K, used 305524K [0x00000000eab00000, 0x00000000ffd00000, 0x0000000100000000)
  eden space 285696K, 100% used [0x00000000eab00000,0x00000000fc200000,0x00000000fc200000)
  from space 30720K, 64% used [0x00000000fdf00000,0x00000000ff25d220,0x00000000ffd00000)
  to   space 29696K, 0% used [0x00000000fc200000,0x00000000fc200000,0x00000000fdf00000)
 ParOldGen       total 344576K, used 285319K [0x00000000c0000000, 0x00000000d5080000, 0x00000000eab00000)
  object space 344576K, 82% used [0x00000000c0000000,0x00000000d16a1d68,0x00000000d5080000)
 Metaspace       used 145639K, capacity 161784K, committed 161920K, reserved 1189888K
  class space    used 16749K, capacity 21084K, committed 21120K, reserved 1048576K
Event: 6151.600 GC heap after
Heap after GC invocations=170 (full 7):
 PSYoungGen      total 315392K, used 20647K [0x00000000eab00000, 0x00000000ffe00000, 0x0000000100000000)
  eden space 285696K, 0% used [0x00000000eab00000,0x00000000eab00000,0x00000000fc200000)
  from space 29696K, 69% used [0x00000000fc200000,0x00000000fd629ea0,0x00000000fdf00000)
  to   space 29184K, 0% used [0x00000000fe180000,0x00000000fe180000,0x00000000ffe00000)
 ParOldGen       total 344576K, used 285407K [0x00000000c0000000, 0x00000000d5080000, 0x00000000eab00000)
  object space 344576K, 82% used [0x00000000c0000000,0x00000000d16b7c60,0x00000000d5080000)
 Metaspace       used 145639K, capacity 161784K, committed 161920K, reserved 1189888K
  class space    used 16749K, capacity 21084K, committed 21120K, reserved 1048576K
}

